The system is: Windows - 10.0.17134 - AMD64
Compiling the C compiler identification source file "CMakeCCompilerId.c" succeeded.
Compiler: C:/Program Files (x86)/Microsoft Visual Studio/2017/Community/VC/Tools/MSVC/14.16.27023/bin/Hostx86/x86/cl.exe 
Build flags: 
Id flags:  

The output was:
0
Microsoft (R) C/C++ Optimizing Compiler Version 19.16.27024.1 for x86
Copyright (C) Microsoft Corporation.  All rights reserved.

CMakeCCompilerId.c
Microsoft (R) Incremental Linker Version 14.16.27024.1
Copyright (C) Microsoft Corporation.  All rights reserved.

/out:CMakeCCompilerId.exe 
CMakeCCompilerId.obj 


Compilation of the C compiler identification source "CMakeCCompilerId.c" produced "CMakeCCompilerId.exe"

Compilation of the C compiler identification source "CMakeCCompilerId.c" produced "CMakeCCompilerId.obj"

The C compiler identification is MSVC, found in "D:/PROJECTS/CLion_Projects/Assignment2 - BST_NonRecursivePreorder/cmake-build-debug/CMakeFiles/3.12.3/CompilerIdC/CMakeCCompilerId.exe"

Determining if the C compiler works passed with the following output:
Change Dir: D:/PROJECTS/CLion_Projects/Assignment2 - BST_NonRecursivePreorder/cmake-build-debug/CMakeFiles/CMakeTmp

Run Build Command:"nmake" "/nologo" "cmTC_d6df6\fast"
	"C:\Program Files (x86)\Microsoft Visual Studio\2017\Community\VC\Tools\MSVC\14.16.27023\bin\HostX86\x86\nmake.exe" -f CMakeFiles\cmTC_d6df6.dir\build.make /nologo -L                  CMakeFiles\cmTC_d6df6.dir\build
Building C object CMakeFiles/cmTC_d6df6.dir/testCCompiler.c.obj
	C:\PROGRA~2\MICROS~1\2017\COMMUN~1\VC\Tools\MSVC\1416~1.270\bin\Hostx86\x86\cl.exe @C:\Users\tgoksu\AppData\Local\Temp\nm2D66.tmp
testCCompiler.c
Linking C executable cmTC_d6df6.exe
	"C:\Program Files\JetBrains\CLion 2018.2.5\bin\cmake\win\bin\cmake.exe" -E vs_link_exe --intdir=CMakeFiles\cmTC_d6df6.dir --manifests  -- C:\PROGRA~2\MICROS~1\2017\COMMUN~1\VC\Tools\MSVC\1416~1.270\bin\Hostx86\x86\link.exe /nologo @CMakeFiles\cmTC_d6df6.dir\objects1.rsp @C:\Users\tgoksu\AppData\Local\Temp\nm2E32.tmp


Detecting C compiler ABI info compiled with the following output:
Change Dir: D:/PROJECTS/CLion_Projects/Assignment2 - BST_NonRecursivePreorder/cmake-build-debug/CMakeFiles/CMakeTmp

Run Build Command:"nmake" "/nologo" "cmTC_f25ff\fast"
	"C:\Program Files (x86)\Microsoft Visual Studio\2017\Community\VC\Tools\MSVC\14.16.27023\bin\HostX86\x86\nmake.exe" -f CMakeFiles\cmTC_f25ff.dir\build.make /nologo -L                  CMakeFiles\cmTC_f25ff.dir\build
Building C object CMakeFiles/cmTC_f25ff.dir/CMakeCCompilerABI.c.obj
	C:\PROGRA~2\MICROS~1\2017\COMMUN~1\VC\Tools\MSVC\1416~1.270\bin\Hostx86\x86\cl.exe @C:\Users\tgoksu\AppData\Local\Temp\nm34A9.tmp
CMakeCCompilerABI.c
Linking C executable cmTC_f25ff.exe
	"C:\Program Files\JetBrains\CLion 2018.2.5\bin\cmake\win\bin\cmake.exe" -E vs_link_exe --intdir=CMakeFiles\cmTC_f25ff.dir --manifests  -- C:\PROGRA~2\MICROS~1\2017\COMMUN~1\VC\Tools\MSVC\1416~1.270\bin\Hostx86\x86\link.exe /nologo @CMakeFiles\cmTC_f25ff.dir\objects1.rsp @C:\Users\tgoksu\AppData\Local\Temp\nm3537.tmp




Detecting C [] compiler features compiled with the following output:
Change Dir: D:/PROJECTS/CLion_Projects/Assignment2 - BST_NonRecursivePreorder/cmake-build-debug/CMakeFiles/CMakeTmp

Run Build Command:"nmake" "/nologo" "cmTC_06d87\fast"
	"C:\Program Files (x86)\Microsoft Visual Studio\2017\Community\VC\Tools\MSVC\14.16.27023\bin\HostX86\x86\nmake.exe" -f CMakeFiles\cmTC_06d87.dir\build.make /nologo -L                  CMakeFiles\cmTC_06d87.dir\build
Building C object CMakeFiles/cmTC_06d87.dir/feature_tests.c.obj
	C:\PROGRA~2\MICROS~1\2017\COMMUN~1\VC\Tools\MSVC\1416~1.270\bin\Hostx86\x86\cl.exe @C:\Users\tgoksu\AppData\Local\Temp\nm3C0C.tmp
feature_tests.c
Linking C executable cmTC_06d87.exe
	"C:\Program Files\JetBrains\CLion 2018.2.5\bin\cmake\win\bin\cmake.exe" -E vs_link_exe --intdir=CMakeFiles\cmTC_06d87.dir --manifests  -- C:\PROGRA~2\MICROS~1\2017\COMMUN~1\VC\Tools\MSVC\1416~1.270\bin\Hostx86\x86\link.exe /nologo @CMakeFiles\cmTC_06d87.dir\objects1.rsp @C:\Users\tgoksu\AppData\Local\Temp\nm3CB9.tmp


    Feature record: C_FEATURE:1c_function_prototypes
    Feature record: C_FEATURE:1c_variadic_macros
